Unity Editor version:    2022.3.20f1 (61c2feb0970d)
Branch:                  2022.3/release
Build type:              Release
Batch mode:              YES
macOS version:           Version 13.0.1 (Build 22A400)
Darwin version:          22.1.0
Architecture:            arm64
Running under Rosetta:   NO
Available memory:        8192 MB
Using pre-set license
Pro License: YES

COMMAND LINE ARGUMENTS:
/Applications/Unity/Hub/Editor/2022.3.20f1/Unity.app/Contents/MacOS/Unity
-adb2
-batchMode
-noUpm
-name
AssetImportWorker1
-projectPath
/Users/adrianmoldovan/Desktop/anul3/sem2/DJC(Unity)/FinalProject/PizzaRunner/PizzaRunner
-logFile
Logs/AssetImportWorker1.log
-srvPort
57041
Successfully changed project path to: /Users/adrianmoldovan/Desktop/anul3/sem2/DJC(Unity)/FinalProject/PizzaRunner/PizzaRunner
/Users/adrianmoldovan/Desktop/anul3/sem2/DJC(Unity)/FinalProject/PizzaRunner/PizzaRunner
[UnityMemory] Configuration Parameters - Can be set up in boot.config
    "memorysetup-bucket-allocator-granularity=16"
    "memorysetup-bucket-allocator-bucket-count=8"
    "memorysetup-bucket-allocator-block-size=33554432"
    "memorysetup-bucket-allocator-block-count=8"
    "memorysetup-main-allocator-block-size=16777216"
    "memorysetup-thread-allocator-block-size=16777216"
    "memorysetup-gfx-main-allocator-block-size=16777216"
    "memorysetup-gfx-thread-allocator-block-size=16777216"
    "memorysetup-cache-allocator-block-size=4194304"
    "memorysetup-typetree-allocator-block-size=2097152"
    "memorysetup-profiler-bucket-allocator-granularity=16"
    "memorysetup-profiler-bucket-allocator-bucket-count=8"
    "memorysetup-profiler-bucket-allocator-block-size=33554432"
    "memorysetup-profiler-bucket-allocator-block-count=8"
    "memorysetup-profiler-allocator-block-size=16777216"
    "memorysetup-profiler-editor-allocator-block-size=1048576"
    "memorysetup-temp-allocator-size-main=16777216"
    "memorysetup-job-temp-allocator-block-size=2097152"
    "memorysetup-job-temp-allocator-block-size-background=1048576"
    "memorysetup-job-temp-allocator-reduction-small-platforms=262144"
    "memorysetup-allocator-temp-initial-block-size-main=262144"
    "memorysetup-allocator-temp-initial-block-size-worker=262144"
    "memorysetup-temp-allocator-size-background-worker=32768"
    "memorysetup-temp-allocator-size-job-worker=262144"
    "memorysetup-temp-allocator-size-preload-manager=33554432"
    "memorysetup-temp-allocator-size-nav-mesh-worker=65536"
    "memorysetup-temp-allocator-size-audio-worker=65536"
    "memorysetup-temp-allocator-size-cloud-worker=32768"
    "memorysetup-temp-allocator-size-gi-baking-worker=262144"
    "memorysetup-temp-allocator-size-gfx=262144"
Player connection [8086856960] Host "[IP] 172.20.10.4 [Port] 0 [Flags] 2 [Guid] 1681715650 [EditorId] 1681715650 [Version] 1048832 [Id] OSXEditor(0,Adrians-MacBook-Air.local) [Debug] 1 [PackageName] OSXEditor [ProjectName] Editor" joined multi-casting on [225.0.0.222:54997]...

Player connection [8086856960] Host "[IP] 172.20.10.4 [Port] 0 [Flags] 2 [Guid] 1681715650 [EditorId] 1681715650 [Version] 1048832 [Id] OSXEditor(0,Adrians-MacBook-Air.local) [Debug] 1 [PackageName] OSXEditor [ProjectName] Editor" joined alternative multi-casting on [225.0.0.222:34997]...

[Physics::Module] Initialized MultithreadedJobDispatcher with 7 workers.
Refreshing native plugins compatible for Editor in 6.99 ms, found 2 plugins.
Preloading 0 native plugins for Editor in 0.00 ms.
Initialize engine version: 2022.3.20f1 (61c2feb0970d)
[Subsystems] Discovering subsystems at path /Applications/Unity/Hub/Editor/2022.3.20f1/Unity.app/Contents/Resources/UnitySubsystems
[Subsystems] Discovering subsystems at path /Users/adrianmoldovan/Desktop/anul3/sem2/DJC(Unity)/FinalProject/PizzaRunner/PizzaRunner/Assets
GfxDevice: creating device client; threaded=0; jobified=0
 preferred device: Apple M1 (high power)
Metal devices available: 1
0: Apple M1 (high power)
Using device Apple M1 (high power)
Initializing Metal device caps: Apple M1
Initialize mono
Mono path[0] = '/Applications/Unity/Hub/Editor/2022.3.20f1/Unity.app/Contents/Managed'
Mono path[1] = '/Applications/Unity/Hub/Editor/2022.3.20f1/Unity.app/Contents/MonoBleedingEdge/lib/mono/unityjit-macos'
Mono config path = '/Applications/Unity/Hub/Editor/2022.3.20f1/Unity.app/Contents/MonoBleedingEdge/etc'
Using monoOptions --debugger-agent=transport=dt_socket,embedding=1,server=y,suspend=n,address=127.0.0.1:56381
Begin MonoManager ReloadAssembly
Registering precompiled unity dll's ...
Register platform support module: /Applications/Unity/Hub/Editor/2022.3.20f1/PlaybackEngines/WebGLSupport/UnityEditor.WebGL.Extensions.dll
Register platform support module: /Applications/Unity/Hub/Editor/2022.3.20f1/Unity.app/Contents/PlaybackEngines/MacStandaloneSupport/UnityEditor.OSXStandalone.Extensions.dll
Registered in 0.005419 seconds.
- Loaded All Assemblies, in  0.419 seconds
Native extension for OSXStandalone target not found
Native extension for WebGL target not found
Mono: successfully reloaded assembly
- Finished resetting the current domain, in  0.324 seconds
Domain Reload Profiling: 743ms
	BeginReloadAssembly (119ms)
		ExecutionOrderSort (0ms)
		DisableScriptedObjects (0ms)
		BackupInstance (0ms)
		ReleaseScriptingObjects (0ms)
		CreateAndSetChildDomain (1ms)
	RebuildCommonClasses (40ms)
	RebuildNativeTypeToScriptingClass (14ms)
	initialDomainReloadingComplete (57ms)
	LoadAllAssembliesAndSetupDomain (189ms)
		LoadAssemblies (118ms)
		RebuildTransferFunctionScriptingTraits (0ms)
		AnalyzeDomain (187ms)
			TypeCache.Refresh (184ms)
				TypeCache.ScanAssembly (167ms)
			ScanForSourceGeneratedMonoScriptInfo (0ms)
			ResolveRequiredComponents (2ms)
	FinalizeReload (324ms)
		ReleaseScriptCaches (0ms)
		RebuildScriptCaches (0ms)
		SetupLoadedEditorAssemblies (247ms)
			LogAssemblyErrors (0ms)
			InitializePlatformSupportModulesInManaged (12ms)
			SetLoadedEditorAssemblies (7ms)
			RefreshPlugins (0ms)
			BeforeProcessingInitializeOnLoad (2ms)
			ProcessInitializeOnLoadAttributes (170ms)
			ProcessInitializeOnLoadMethodAttributes (54ms)
			AfterProcessingInitializeOnLoad (0ms)
			EditorAssembliesLoaded (0ms)
		ExecutionOrderSort2 (0ms)
		AwakeInstancesAfterBackupRestoration (0ms)
========================================================================
Worker process is ready to serve import requests
Begin MonoManager ReloadAssembly
- Loaded All Assemblies, in  0.782 seconds
Refreshing native plugins compatible for Editor in 2.21 ms, found 2 plugins.
Native extension for OSXStandalone target not found
Native extension for WebGL target not found
Package Manager log level set to [2]
[Package Manager] Server::EnsureServerProcessIsRunning -- launch failed, reason: Unity was launched with the -noUpm command-line argument
[Package Manager] UpmClient::Send -- Unable to send message (not connected to UPM process).
[Package Manager] Cannot connect to Unity Package Manager local server
Mono: successfully reloaded assembly
- Finished resetting the current domain, in  1.017 seconds
Domain Reload Profiling: 1799ms
	BeginReloadAssembly (133ms)
		ExecutionOrderSort (0ms)
		DisableScriptedObjects (5ms)
		BackupInstance (0ms)
		ReleaseScriptingObjects (0ms)
		CreateAndSetChildDomain (32ms)
	RebuildCommonClasses (51ms)
	RebuildNativeTypeToScriptingClass (19ms)
	initialDomainReloadingComplete (58ms)
	LoadAllAssembliesAndSetupDomain (520ms)
		LoadAssemblies (333ms)
		RebuildTransferFunctionScriptingTraits (0ms)
		AnalyzeDomain (246ms)
			TypeCache.Refresh (225ms)
				TypeCache.ScanAssembly (198ms)
			ScanForSourceGeneratedMonoScriptInfo (14ms)
			ResolveRequiredComponents (6ms)
	FinalizeReload (1017ms)
		ReleaseScriptCaches (0ms)
		RebuildScriptCaches (0ms)
		SetupLoadedEditorAssemblies (811ms)
			LogAssemblyErrors (0ms)
			InitializePlatformSupportModulesInManaged (8ms)
			SetLoadedEditorAssemblies (6ms)
			RefreshPlugins (0ms)
			BeforeProcessingInitializeOnLoad (120ms)
			ProcessInitializeOnLoadAttributes (651ms)
			ProcessInitializeOnLoadMethodAttributes (23ms)
			AfterProcessingInitializeOnLoad (2ms)
			EditorAssembliesLoaded (0ms)
		ExecutionOrderSort2 (0ms)
		AwakeInstancesAfterBackupRestoration (5ms)
Launching external process: /Applications/Unity/Hub/Editor/2022.3.20f1/Unity.app/Contents/Tools/UnityShaderCompiler
Launched and connected shader compiler UnityShaderCompiler after 0.10 seconds
Refreshing native plugins compatible for Editor in 2.36 ms, found 2 plugins.
Preloading 0 native plugins for Editor in 0.00 ms.
Unloading 3092 Unused Serialized files (Serialized files now loaded: 0)
Unloading 32 unused Assets / (51.1 KB). Loaded Objects now: 3553.
Memory consumption went from 135.0 MB to 135.0 MB.
Total: 4.886083 ms (FindLiveObjects: 0.169334 ms CreateObjectMapping: 0.073500 ms MarkObjects: 4.494166 ms  DeleteObjects: 0.147916 ms)

AssetImportParameters requested are different than current active one (requested -> active):
  custom:container-demuxer-ogg: 62fdf1f143b41e24485cea50d1cbac27 -> 
  custom:video-decoder-ogg-theora: a1e56fd34408186e4bbccfd4996cb3dc -> 
  custom:CustomObjectIndexerAttribute: 6d391050e5a25f67b0a2c618074f2cd9 -> 
  custom:container-demuxer-webm: 4f35f7cbe854078d1ac9338744f61a02 -> 
  custom:container-muxer-webm: aa71ff27fc2769a1b78a27578f13a17b -> 
  custom:video-decoder-webm-vp8: 9c59270c3fd7afecdb556c50c9e8de78 -> 
  custom:SearchIndexIgnoredProperties: e643bd26f0fe6173181afceb89e7c659 -> 
  custom:AudioImporter_EditorPlatform: 3918e3fc78b5a79bad01e8451be0beb8 -> 
  custom:framework-osx-AVFoundation: e770b220cccbd017edd2c1fefb359320 -> 
  custom:video-encoder-webm-vp8: eb34c28f22e8b96e1ab97ce403110664 -> 
  custom:audio-decoder-ogg-vorbis: bf7c407c2cedff20999df2af8eb42d56 -> 
  custom:audio-encoder-webm-vorbis: bf7c407c2cedff20999df2af8eb42d56 -> 
========================================================================
Received Import Request.
  Time since last request: 708671.543050 seconds.
  path: Assets/Objects/lowpoly-motorcycle-for-unity-mobile-game
  artifactKey: Guid(625801925da3245d5b943a0e3db50007) Importer(815301076,1909f56bfc062723c751e8b465ee728b)
Start importing Assets/Objects/lowpoly-motorcycle-for-unity-mobile-game using Guid(625801925da3245d5b943a0e3db50007) Importer(815301076,1909f56bfc062723c751e8b465ee728b)  -> (artifact id: '50cc51c3f2538270dd36453812d5d38d') in 0.001764 seconds
Number of updated asset objects reloaded before import = 0
Number of asset objects unloaded after import = 0
========================================================================
Received Import Request.
  Time since last request: 0.000067 seconds.
  path: Assets/Objects/lowpoly-motorcycle-for-unity-mobile-game/source/Choper/HarleyTextures.png
  artifactKey: Guid(183b7b5b6aa1942c783c6fcad944f719) Importer(815301076,1909f56bfc062723c751e8b465ee728b)
Start importing Assets/Objects/lowpoly-motorcycle-for-unity-mobile-game/source/Choper/HarleyTextures.png using Guid(183b7b5b6aa1942c783c6fcad944f719) Importer(815301076,1909f56bfc062723c751e8b465ee728b)  -> (artifact id: '0d4f78889df6f4e2c360b3403ea61420') in 0.064014 seconds
Number of updated asset objects reloaded before import = 0
Number of asset objects unloaded after import = 2
========================================================================
Received Import Request.
  Time since last request: 0.000098 seconds.
  path: Assets/Objects/lowpoly-motorcycle-for-unity-mobile-game/textures/HarleyTextures.png
  artifactKey: Guid(0069d6d03157f4b2593d3820d7f5d2e2) Importer(815301076,1909f56bfc062723c751e8b465ee728b)
Start importing Assets/Objects/lowpoly-motorcycle-for-unity-mobile-game/textures/HarleyTextures.png using Guid(0069d6d03157f4b2593d3820d7f5d2e2) Importer(815301076,1909f56bfc062723c751e8b465ee728b)  -> (artifact id: '528f7cf53af3ceb0835a9c80353b0d71') in 0.006525 seconds
Number of updated asset objects reloaded before import = 0
Number of asset objects unloaded after import = 2
========================================================================
Received Import Request.
  Time since last request: 0.000396 seconds.
  path: Assets/Objects/lowpoly-motorcycle-for-unity-mobile-game/source
  artifactKey: Guid(f4991050dd95d4dedb6d46facac0cfa6) Importer(815301076,1909f56bfc062723c751e8b465ee728b)
Start importing Assets/Objects/lowpoly-motorcycle-for-unity-mobile-game/source using Guid(f4991050dd95d4dedb6d46facac0cfa6) Importer(815301076,1909f56bfc062723c751e8b465ee728b)  -> (artifact id: '9cb594b434e17bf5d191cb5ea59281fa') in 0.000343 seconds
Number of updated asset objects reloaded before import = 0
Number of asset objects unloaded after import = 0
========================================================================
Received Import Request.
  Time since last request: 0.000384 seconds.
  path: Assets/Objects/lowpoly-motorcycle-for-unity-mobile-game/textures/HarleyTextures2.png
  artifactKey: Guid(c59c40f68305e46c4b7ce0c464a20156) Importer(815301076,1909f56bfc062723c751e8b465ee728b)
Start importing Assets/Objects/lowpoly-motorcycle-for-unity-mobile-game/textures/HarleyTextures2.png using Guid(c59c40f68305e46c4b7ce0c464a20156) Importer(815301076,1909f56bfc062723c751e8b465ee728b)  -> (artifact id: '23c94a21b5687655c4109f8a2c1f59d7') in 0.008027 seconds
Number of updated asset objects reloaded before import = 0
Number of asset objects unloaded after import = 2
========================================================================
Received Import Request.
  Time since last request: 0.000161 seconds.
  path: Assets/Objects/lowpoly-motorcycle-for-unity-mobile-game/source/Choper
  artifactKey: Guid(4f4d9b834c7a94ddb948e8e13829f575) Importer(815301076,1909f56bfc062723c751e8b465ee728b)
Start importing Assets/Objects/lowpoly-motorcycle-for-unity-mobile-game/source/Choper using Guid(4f4d9b834c7a94ddb948e8e13829f575) Importer(815301076,1909f56bfc062723c751e8b465ee728b)  -> (artifact id: 'db2728a56e59924f27d59a4e9b592be4') in 0.000355 seconds
Number of updated asset objects reloaded before import = 0
Number of asset objects unloaded after import = 0
========================================================================
Received Import Request.
  Time since last request: 0.000204 seconds.
  path: Assets/Objects/lowpoly-motorcycle-for-unity-mobile-game/source/Choper/HarleyTextures2.png
  artifactKey: Guid(13aed945dbf9d464c9af0104528d27a0) Importer(815301076,1909f56bfc062723c751e8b465ee728b)
Start importing Assets/Objects/lowpoly-motorcycle-for-unity-mobile-game/source/Choper/HarleyTextures2.png using Guid(13aed945dbf9d464c9af0104528d27a0) Importer(815301076,1909f56bfc062723c751e8b465ee728b)  -> (artifact id: '4a4916beb953cc9d0817dd7544bca449') in 0.006747 seconds
Number of updated asset objects reloaded before import = 0
Number of asset objects unloaded after import = 2
========================================================================
Received Import Request.
  Time since last request: 0.000216 seconds.
  path: Assets/Objects/lowpoly-motorcycle-for-unity-mobile-game/textures/LlantaTextura.png
  artifactKey: Guid(c34c566c71c3c4b15a1895f787c8ee00) Importer(815301076,1909f56bfc062723c751e8b465ee728b)
Start importing Assets/Objects/lowpoly-motorcycle-for-unity-mobile-game/textures/LlantaTextura.png using Guid(c34c566c71c3c4b15a1895f787c8ee00) Importer(815301076,1909f56bfc062723c751e8b465ee728b)  -> (artifact id: '5bf88be3410c0543770f54b52fbe21bd') in 0.007207 seconds
Number of updated asset objects reloaded before import = 0
Number of asset objects unloaded after import = 2
========================================================================
Received Import Request.
  Time since last request: 390.575587 seconds.
  path: Assets/Materials/BodyMaterial2.mat
  artifactKey: Guid(e6bb5bafb86264355bf688b756d14283) Importer(815301076,1909f56bfc062723c751e8b465ee728b)
Start importing Assets/Materials/BodyMaterial2.mat using Guid(e6bb5bafb86264355bf688b756d14283) Importer(815301076,1909f56bfc062723c751e8b465ee728b)  -> (artifact id: '67054ddb38c3835f4326defc8dcb9c33') in 0.117466 seconds
Number of updated asset objects reloaded before import = 0
Number of asset objects unloaded after import = 1
